<?xml version="1.0" encoding="UTF-8"?>
<!-- Generated by org.testng.reporters.JUnitReportReporter -->
<testsuite hostname="DESKTOP-QJ2BC7G" failures="0" tests="1" name="com.medsol1.testcases.TC_Billings_Delete" time="28.411" errors="0" timestamp="2023-08-16T17:35:26 IST" skipped="0">
  <testcase classname="com.medsol1.testcases.TC_Billings_Delete" name="billing_test_delete" time="28.411"/>
  <system-out/>
</testsuite> <!-- com.medsol1.testcases.TC_Billings_Delete -->
