<?xml version="1.0" encoding="UTF-8"?>
<!-- Generated by org.testng.reporters.JUnitReportReporter -->
<testsuite hostname="DESKTOP-QJ2BC7G" failures="0" tests="4" name="com.medsol1.testcases.TC_Documents" time="85.573" errors="0" timestamp="2023-08-15T23:39:14 IST" skipped="0">
  <testcase classname="com.medsol1.testcases.TC_Documents" name="documents_test" time="50.610"/>
  <system-out/>
  <testcase classname="com.medsol1.testcases.TC_Documents" name="editdocument_test" time="29.933"/>
  <system-out/>
  <testcase classname="com.medsol1.testcases.TC_Documents" name="downloaddocument_test" time="1.804"/>
  <system-out/>
  <testcase classname="com.medsol1.testcases.TC_Documents" name="deletedocument_test" time="3.226"/>
  <system-out/>
</testsuite> <!-- com.medsol1.testcases.TC_Documents -->
