<?xml version="1.0" encoding="UTF-8"?>
<!-- Generated by org.testng.reporters.JUnitReportReporter -->
<testsuite hostname="DESKTOP-QJ2BC7G" failures="0" tests="3" name="com.medsol1.testcases.TC_Beds_Management_Beds_NewBulkBed" time="61.024" errors="0" timestamp="2023-08-15T23:11:54 IST" skipped="0">
  <testcase classname="com.medsol1.testcases.TC_Beds_Management_Beds_NewBulkBed" name="beds_Management_Beds_NewBulktest" time="48.862"/>
  <system-out/>
  <testcase classname="com.medsol1.testcases.TC_Beds_Management_Beds_NewBulkBed" name="edit_Beds_Management_Beds_NewBulktest" time="10.434"/>
  <system-out/>
  <testcase classname="com.medsol1.testcases.TC_Beds_Management_Beds_NewBulkBed" name="delete_Beds_Management_Beds_NewBulktest" time="1.728"/>
  <system-out/>
</testsuite> <!-- com.medsol1.testcases.TC_Beds_Management_Beds_NewBulkBed -->
