<?xml version="1.0" encoding="UTF-8"?>
<!-- Generated by org.testng.reporters.JUnitReportReporter -->
<testsuite hostname="DESKTOP-QJ2BC7G" failures="0" tests="1" name="com.medsol1.testcases.TC_Beds_Management_Beds_Created" time="54.406" errors="0" timestamp="2023-08-16T22:24:18 IST" skipped="0">
  <testcase classname="com.medsol1.testcases.TC_Beds_Management_Beds_Created" name="Beds_Management_Beds_test" time="54.406"/>
  <system-out/>
</testsuite> <!-- com.medsol1.testcases.TC_Beds_Management_Beds_Created -->
