<?xml version="1.0" encoding="UTF-8"?>
<!-- Generated by org.testng.reporters.JUnitReportReporter -->
<testsuite hostname="DESKTOP-QJ2BC7G" failures="0" tests="1" name="com.medsol1.testcases.TC_Billings_Modify" time="52.420" errors="0" timestamp="2023-08-16T17:35:26 IST" skipped="0">
  <testcase classname="com.medsol1.testcases.TC_Billings_Modify" name="billing_test_modify" time="52.420"/>
  <system-out/>
</testsuite> <!-- com.medsol1.testcases.TC_Billings_Modify -->
