<?xml version="1.0" encoding="UTF-8"?>
<!-- Generated by org.testng.reporters.JUnitReportReporter -->
<testsuite hostname="DESKTOP-QJ2BC7G" failures="0" tests="1" name="com.medsol1.testcases.TC_Document_Created" time="51.864" errors="0" timestamp="2023-08-16T17:53:21 IST" skipped="0">
  <testcase classname="com.medsol1.testcases.TC_Document_Created" name="documents_test_created" time="51.864"/>
  <system-out/>
</testsuite> <!-- com.medsol1.testcases.TC_Document_Created -->
