<?xml version="1.0" encoding="UTF-8"?>
<!-- Generated by org.testng.reporters.JUnitReportReporter -->
<testsuite hostname="DESKTOP-QJ2BC7G" failures="0" tests="1" name="com.medsol1.testcases.TC_Billings_Created" time="60.200" errors="0" timestamp="2023-08-16T17:35:26 IST" skipped="0">
  <testcase classname="com.medsol1.testcases.TC_Billings_Created" name="billing_test_created" time="60.200"/>
  <system-out/>
</testsuite> <!-- com.medsol1.testcases.TC_Billings_Created -->
