<?xml version="1.0" encoding="UTF-8"?>
<!-- Generated by org.testng.reporters.JUnitReportReporter -->
<testsuite hostname="DESKTOP-QJ2BC7G" failures="0" tests="1" name="com.medsol1.testcases.TC_Beds_Management_Beds_NewBulkBed_Delete" time="18.172" errors="0" timestamp="2023-08-16T22:08:41 IST" skipped="0">
  <testcase classname="com.medsol1.testcases.TC_Beds_Management_Beds_NewBulkBed_Delete" name="beds_Management_Beds_NewBulktest" time="18.172"/>
  <system-out/>
</testsuite> <!-- com.medsol1.testcases.TC_Beds_Management_Beds_NewBulkBed_Delete -->
