<?xml version="1.0" encoding="UTF-8"?>
<!-- Generated by org.testng.reporters.JUnitReportReporter -->
<testsuite hostname="DESKTOP-QJ2BC7G" failures="0" tests="3" name="com.medsol1.testcases.TC_Beds_Management_Beds" time="62.234" errors="0" timestamp="2023-08-16T00:15:56 IST" skipped="0">
  <testcase classname="com.medsol1.testcases.TC_Beds_Management_Beds" name="Beds_Management_Beds_test" time="52.405"/>
  <system-out/>
  <testcase classname="com.medsol1.testcases.TC_Beds_Management_Beds" name="edit_Beds_Management_Beds_test" time="7.809"/>
  <system-out/>
  <testcase classname="com.medsol1.testcases.TC_Beds_Management_Beds" name="delete_Beds_Management_Beds_test" time="2.020"/>
  <system-out/>
</testsuite> <!-- com.medsol1.testcases.TC_Beds_Management_Beds -->
