<?xml version="1.0" encoding="UTF-8"?>
<!-- Generated by org.testng.reporters.JUnitReportReporter -->
<testsuite hostname="DESKTOP-QJ2BC7G" failures="0" tests="1" name="com.medsol1.testcases.TC_Logintest_created" time="27.478" errors="0" timestamp="2023-07-25T15:44:51 IST" skipped="0">
  <testcase classname="com.medsol1.testcases.TC_Logintest_created" name="logintest" time="27.478"/>
  <system-out/>
</testsuite> <!-- com.medsol1.testcases.TC_Logintest_created -->
